TN:
SF:src/index.ts
FN:7,StatsDB
FN:11,config
FN:22,search
FN:33,getLeaderBoard
FN:44,getPlayerById
FN:55,getPlayer
FNF:6
FNH:6
FNDA:4,StatsDB
FNDA:1,config
FNDA:1,search
FNDA:1,getLeaderBoard
FNDA:1,getPlayerById
FNDA:4,getPlayer
DA:1,1
DA:2,1
DA:3,1
DA:4,1
DA:5,1
DA:6,1
DA:7,1
DA:8,4
DA:9,4
DA:10,1
DA:11,1
DA:12,1
DA:13,1
DA:14,1
DA:15,0
DA:16,1
DA:17,1
DA:18,0
DA:19,1
DA:20,1
DA:21,1
DA:22,1
DA:23,1
DA:24,1
DA:25,1
DA:26,0
DA:27,1
DA:28,1
DA:29,0
DA:30,1
DA:31,1
DA:32,1
DA:33,1
DA:34,1
DA:35,1
DA:36,1
DA:37,0
DA:38,1
DA:39,1
DA:40,0
DA:41,1
DA:42,1
DA:43,1
DA:44,1
DA:45,1
DA:46,1
DA:47,1
DA:48,0
DA:49,1
DA:50,1
DA:51,0
DA:52,1
DA:53,1
DA:54,1
DA:55,1
DA:56,4
DA:57,4
DA:58,4
DA:59,4
DA:60,4
DA:61,4
DA:62,0
DA:63,4
DA:64,4
DA:65,0
DA:66,4
DA:67,4
DA:68,1
DA:69,1
DA:70,1
LF:70
LH:60
BRDA:7,0,0,4
BRDA:11,1,0,1
BRDA:22,2,0,1
BRDA:33,3,0,1
BRDA:44,4,0,1
BRDA:55,5,0,4
BRF:6
BRH:6
end_of_record
TN:
SF:src/util/stats.db/index.ts
FN:8,StatsDBClient
FN:21,client
FNF:2
FNH:2
FNDA:4,StatsDBClient
FNDA:8,client
DA:1,1
DA:2,1
DA:3,1
DA:4,1
DA:5,1
DA:6,1
DA:7,1
DA:8,1
DA:9,4
DA:10,4
DA:11,4
DA:12,4
DA:13,4
DA:14,4
DA:15,4
DA:16,4
DA:17,4
DA:18,4
DA:19,4
DA:20,1
DA:21,1
DA:22,8
DA:23,8
DA:24,8
DA:25,8
DA:26,8
DA:27,8
DA:28,1
LF:28
LH:28
BRDA:8,0,0,4
BRDA:21,1,0,8
BRF:2
BRH:2
end_of_record
